DEBUG main httpclient.wire.content - << "* [[Ren[0xc3][0xa9] Pleven]] ([[1901]]-[[1993]]), homme politique, deux fois [[Pr[0xc3][0xa9]sident du Conseil (France)|pr[0xc3][0xa9]sident du Conseil]] sous [[Vincent Auriol]].[\n]"
DEBUG main httpclient.wire.content - << "* [[Paul Paillole]] ([[1905]]), militaire et un officier des services de renseignements fran[0xc3][0xa7]ais.[\n]"
DEBUG main httpclient.wire.content - << "* [[Robert Vattier]] ([[1906]]-[[1982]]), acteur fran[0xc3][0xa7]ais, y est n[0xc3][0xa9].[\n]"
DEBUG main httpclient.wire.content - << "* [[Henriette Robitaillie]] ([[1909]]-[[1992]]), journaliste et [0xc3][0xa9]crivaine.[\n]"
DEBUG main httpclient.wire.content - << "* [[Pierre de Maismont]] ([[1911]]-[[1944]]), [[Compagnon de la Lib[0xc3][0xa9]ration]], [[Mort pour la France]].[\n]"
DEBUG main httpclient.wire.content - << "* [[Andr[0xc3][0xa9] Beauce]] ([[1911]]-[[1974]]), artiste peintre.[\n]"
DEBUG main httpclient.wire.content - << "* [[Marcel Callo]] ([[1921]]-[[1945]]), militant de la [[jeunesse ouvri[0xc3][0xa8]re chr[0xc3][0xa9]tienne]], mort [0xc3][0xa0] [[Mauthausen]], b[0xc3][0xa9]atifi[0xc3][0xa9] par [[Jean-Paul II]].[\n]"
DEBUG main httpclient.wire.content - << "* [[Georges Jouvin]] ([[1923]]-[[2016]]), trompettiste et compositeur.[\n]"
DEBUG main httpclient.wire.content - << "* [[Fran[0xc3][0xa7]ois-R[0xc3][0xa9]gis Hutin]] ([[1929]]-[[2017]]), journaliste et patron de presse fran[0xc3][0xa7]aise.[\n]"
DEBUG main httpclient.wire.content - << "* [[Urbain Huchet]] ([[1930]]), artiste peintre et lithographe.[\n]"
DEBUG main httpclient.wire.content - << "* [[Charles Bi[0xc3][0xa9]try|Charles Bietry]] ([[1943]]), journaliste sportif fran[0xc3][0xa7]ais.[\n]"
DEBUG main httpclient.wire.content - << "* [[Jacques Bertin]] ([[1946]]), chanteur, po[0xc3][0xa8]te et journaliste.[\n]"
DEBUG main httpclient.wire.content - << "* [[Soazig Aaron]] ([[1949]]), [0xc3][0xa9]crivaine.[\n]"
DEBUG main httpclient.wire.content - << "* [[Catherine Ceylac]] ([[1954]]), journaliste fran[0xc3][0xa7]aise de radio et de t[0xc3][0xa9]l[0xc3][0xa9]vision.[\n]"
DEBUG main httpclient.wire.content - << "* [[Pierrick Hiard]] ([[1955]]), footballeur international fran[0xc3][0xa7]ais.[\n]"
DEBUG main httpclient.wire.content - << "* [[Jean-Luc Arribart]] ([[1955]]), footballeur fran[0xc3][0xa7]ais et journaliste sportif.[\n]"
DEBUG main httpclient.wire.content - << "* [[Michel Pansard]] ([[1955]]), [0xc3][0xa9]v[0xc3][0xaa]que de Chartres.[\n]"
DEBUG main httpclient.wire.content - << "* [[Stanislas Barth[0xc3][0xa9]l[0xc3][0xa9]my]] ([[1961]]), auteur et dessinateur fran[0xc3][0xa7]ais.[\n]"
DEBUG main httpclient.wire.content - << "* [[Fran[0xc3][0xa7]ois-Henri Pinault]] ([[1962]]), homme d'affaires fran[0xc3][0xa7]ais et actuel PDG de [[Pinault-Printemps-Redoute]].[\n]"
DEBUG main httpclient.wire.content - << "* [[Isabel Otero]] ([[1962]]), com[0xc3][0xa9]dienne.[\n]"
DEBUG main httpclient.wire.content - << "* [[Catherine Riaux]] ([[1965]]), com[0xc3][0xa9]dienne.[\n]"
DEBUG main httpclient.wire.content - << "* [[St[0xc3][0xa9]phane Briz[0xc3][0xa9]]] ([[1966]]), r[0xc3][0xa9]alisateur et sc[0xc3][0xa9]nariste.[\n]"
DEBUG main httpclient.wire.content - << "* [[Yvan Cassar]] ([[1966]]), musicien arrangeur.[\n]"
DEBUG main httpclient.wire.content - << "* [[Nina Bouraoui]] ([[1967]]), [0xc3][0xa9]crivain, [[Prix du livre Inter]] [[1991]], [[Prix Renaudot]] [[2005]].[\n]"
DEBUG main httpclient.wire.content - << "* [[Thomas Coville]] ([[1968]]), navigateur fran[0xc3][0xa7]ais.[\n]"
DEBUG main httpclient.wire.content - << "* [[Samuel [0xc3][0x89]tienne]] ([[1971]]), journaliste et animateur de t[0xc3][0xa9]l[0xc3][0xa9]vision.[\n]"
DEBUG main httpclient.wire.content - << "* [[St[0xc3][0xa9]phane Heulot]] ([[1971]]), champion de France cycliste 1996.[\n]"
DEBUG main httpclient.wire.content - << "* [[Laurent Duthion]] ([[1972]]), artiste plasticien.[\n]"
DEBUG main httpclient.wire.content - << "* [[Laure Sainclair]] ([[1972]]), mannequin et actrice de films pornographiques.[\n]"
DEBUG main httpclient.wire.content - << "* [[Nicolas Courjal]] ([[1973]]), chanteur d'op[0xc3][0xa9]ra, [[Basse (voix)|basse]].[\n]"
DEBUG main httpclient.wire.content - << "* [[Gwennyn]] ([[1974]]), auteure-compositrice-interpr[0xc3][0xa8]te.[\n]"
DEBUG main httpclient.wire.content - << "* [[Anne-Claire Coudray]] ([[1977]]), [[journaliste]] et [[animatrice de t[0xc3][0xa9]l[0xc3][0xa9]vision]] [[France|fran[0xc3][0xa7]aise]].[\n]"
DEBUG main httpclient.wire.content - << "* [[Laurent Lefeuvre]] ([[1977]]), auteur de bande dessin[0xc3][0xa9]e.[\n]"
DEBUG main httpclient.wire.content - << "* [[Yann Bourven]] ([[1978]]), [0xc3][0xa9]crivain.[\n]"
DEBUG main httpclient.wire.content - << "* [[Edwige Lawson-Wade]] ([[1979]]), internationale de Basket, championne d'Europe en 2001, vice-championne olympique 2012.[\n]"
DEBUG main httpclient.wire.content - << "* [[Arnaud Cosson]] ([[1981]]), humoriste.[\n]"
DEBUG main httpclient.wire.content - << "* [[Camille Abily]] ([[1984]]), footballeuse fran[0xc3][0xa7]aise qui joue actuellement pour l'[[Olympique lyonnais (f[0xc3][0xa9]minines)|Olympique lyonnais]] et en [[[0xc3][0x89]quipe de France de football f[0xc3][0xa9]minin|[0xc3][0xa9]quipe de France de football]].[\n]"
DEBUG main httpclient.wire.content - << "* [[Adrien Allain]] ([[1986]]), joueur professionnel de poker.[\n]"
DEBUG main httpclient.wire.content - << "* [[Malika M[0xc3][0xa9]nard]] ([[1987]]), [[Miss France]] 2010.[\n]"
DEBUG main httpclient.wire.content - << "* [[Armindo Fonseca]] ([[1989]]), [[coureur cycliste]] professionnel.[\n]"
DEBUG main httpclient.wire.content - << "* [[Jenia Grebennikov]] ([[1990]]), joueur de Volley-Ball international franco-russe.[\n]"
DEBUG main httpclient.wire.content - << "[\n]"
DEBUG main httpclient.wire.content - << "Selon la [[base L[0xc3][0xa9]onore]], {{unit[0xc3][0xa9]|1077|personnes}} dont sept femmes n[0xc3][0xa9]es [0xc3][0xa0] Rennes et d[0xc3][0xa9]c[0xc3][0xa9]d[0xc3][0xa9]es avant 1977 ont re[0xc3][0xa7]u la [[Ordre national de la L[0xc3][0xa9]gion d'honneur|L[0xc3][0xa9]gion d'honneur]]&lt;ref&gt;[http://www.culture.gouv.fr/documentation/leonore/leonore.htm Base L[0xc3][0xa9]onore], sur le site du minist[0xc3][0xa8]re de la Culture.&lt;/ref&gt;.[\n]"
DEBUG main httpclient.wire.content - << "[\n]"
DEBUG main httpclient.wire.content - << "=== Personnalit[0xc3][0xa9]s li[0xc3][0xa9]es [0xc3][0xa0] la commune ===[\n]"
DEBUG main httpclient.wire.content - << "{{cat[0xc3][0xa9]gorie d[0xc3][0xa9]taill[0xc3][0xa9]e|Personnalit[0xc3][0xa9] li[0xc3][0xa9]e [0xc3][0xa0] Rennes|Famille li[0xc3][0xa9]e [0xc3][0xa0] Rennes}}[\n]"
DEBUG main httpclient.wire.content - << "Cette liste n[0xe2][0x80][0x99]est pas exhaustive :[\n]"
DEBUG main httpclient.wire.content - << "* [[Jacques Gabriel (1667-1742)|Jacques Gabriel]] (1667-1742), architecte charg[0xc3][0xa9] de la reconstruction de style classique d'une partie du centre-ville [0xc3][0xa0] la suite de l'incendie de 1720.[\n]"
DEBUG main httpclient.wire.content - << "* [[Fran[0xc3][0xa7]ois Forestier de Villeneuve]] (vers 1699-1765), architecte, auteur du plan directeur de Rennes.[\n]"
DEBUG main httpclient.wire.content - << "* [[Julien-Joseph Pinczon du Sel]] (1712-1781), industriel, [0xc3][0xa9]conomiste et pol[0xc3][0xa9]miste, cr[0xc3][0xa9]ateur de la Manufacture royale des Toileries de Rennes.[\n]"
DEBUG main httpclient.wire.content - << "* [[Henri Victor Roulland]] (1751-1827), g[0xc3][0xa9]n[0xc3][0xa9]ral de brigade de la R[0xc3][0xa9]volution et de l'Empire, mort [0xc3][0xa0] Rennes.[\n]"
DEBUG main httpclient.wire.content - << "* [[Joseph Mignotte]] (1755-1828), g[0xc3][0xa9]n[0xc3][0xa9]ral de brigade de la R[0xc3][0xa9]volution et de l'Empire, mort [0xc3][0xa0] Rennes.[\n]"
DEBUG main httpclient.wire.content - << "* [[Pierre Charles Silvestre de Villeneuve]] ([[1763]]-[[1806]]), [[amiral]], vaincu [0xc3][0xa0] [[Bataille de Trafalgar|Trafalgar]] par [[Horatio Nelson|Nelson]].[\n]"
DEBUG main httpclient.wire.content - << "* [[Jean Louis Charles Bagniol]] (1774-1843), g[0xc3][0xa9]n[0xc3][0xa9]ral de division de la R[0xc3][0xa9]volution et de l'Empire, n[0xc3][0xa9] [0xc3][0xa0] [[Oinville-sous-Auneau]], mort [0xc3][0xa0] Rennes.[\n]"
DEBUG main httpclient.wire.content - << "* [[Auguste Julien Bigarr[0xc3][0xa9]]] (1775-1838), g[0xc3][0xa9]n[0xc3][0xa9]ral de division de la R[0xc3][0xa9]volution et de l'Empire, n[0xc3][0xa9] [0xc3][0xa0] [[Le Palais]] ([[Belle-[0xc3][0x8e]le-en-Mer]]), mort [0xc3][0xa0] Rennes.[\n]"
DEBUG main httpclient.wire.content - << "* La [[Imprimerie Oberthur|famille Oberth[0xc3][0xbc]r]], [[imprimeu"
DEBUG main httpclient.wire.content - << "[\r]"
DEBUG main httpclient.wire.content - << "[\n]"
DEBUG main httpclient.wire.content - << "1"
DEBUG main httpclient.wire.content - << "f"
DEBUG main httpclient.wire.content - << "f"
DEBUG main httpclient.wire.content - << "6"
DEBUG main httpclient.wire.content - << "[\r]"
DEBUG main httpclient.wire.content - << "[\n]"
DEBUG main httpclient.wire.content - << "r]]s implant[0xc3][0xa9]s [0xc3][0xa0] Rennes depuis [[1852]].[\n]"
DEBUG main httpclient.wire.content - << "* [[Alfred Dreyfus]] ([[1859]]-[[1935]]), militaire accus[0xc3][0xa9] de haute trahison et de complot avec les Allemands en [[1898]], rejug[0xc3][0xa9] [0xc3][0xa0] Rennes en [[1899]].[\n]"
DEBUG main httpclient.wire.content - << "* [[Georges Dottin]] ([[1863]]-[[1928]]), titulaire de la chaire de langue celtique [0xc3][0xa0] la facult[0xc3][0xa9] des lettres de Rennes.[\n]"
DEBUG main httpclient.wire.content - << "* [[Alfred Jarry]] ([[1873]]-[[1907]]), [0xc3][0xa9]crivain et dramaturge fran[0xc3][0xa7]ais a [0xc3][0xa9]tudi[0xc3][0xa9] au lyc[0xc3][0xa9]e (actuel [[Lyc[0xc3][0xa9]e [0xc3][0x89]mile-Zola de Rennes]]). Son professeur de physique lui inspirera le personnage grotesque d'[[Ubu roi]].[\n]"
DEBUG main httpclient.wire.content - << "* [[Hyacinthe Perrin]] ([[1877]]-[[1965]]), [[architecte DPLG]] ayant construit plusieurs [0xc3][0xa9]difices de la ville.[\n]"
DEBUG main httpclient.wire.content - << "* [[Xavier de Gaulle]] ([[1887]]-[[1955]]), Ing[0xc3][0xa9]nieur civil des Mines, percepteur, R[0xc3][0xa9]sistant, Consul G[0xc3][0xa9]n[0xc3][0xa9]ral de France en Suisse, fr[0xc3][0xa8]re a[0xc3][0xae]n[0xc3][0xa9] de [[Charles de Gaulle]], s'installe 10 rue de Robien de 1935 [0xc3][0xa0] 1938, surveille les travaux de la caserne Margueritte.[\n]"
DEBUG main httpclient.wire.content - << "* [[Camille Le Mercier d'Erm]] ([[1888]]-[[1978]]), po[0xc3][0xa8]te de langue fran[0xc3][0xa7]aise, historien et nationaliste breton.[\n]"
DEBUG main httpclient.wire.content - << "* [[Marcel Catelein]], ([[1892]]-[[1979]]), artiste-peintre n[0xc3][0xa9] [0xc3][0xa0] Montreuil-sous-bois et d[0xc3][0xa9]c[0xc3][0xa9]d[0xc3][0xa9] [0xc3][0xa0] Rennes.[\n]"
DEBUG main httpclient.wire.content - << "* [[Andr[0xc3][0xa9] Meynier]], ([[1901]]-[[1983]]), g[0xc3][0xa9]ographe, [0xc3][0xa9]crivain n[0xc3][0xa9] [0xc3][0xa0] Angers et d[0xc3][0xa9]c[0xc3][0xa9]d[0xc3][0xa9] [0xc3][0xa0] Rennes.[\n]"
DEBUG main httpclient.wire.content - << "* [[Pierre Herbart]] ([[1903]]-[[1974]]), n[0xc3][0xa9] [0xc3][0xa0] [[Dunkerque]] et d[0xc3][0xa9]c[0xc3][0xa9]d[0xc3][0xa9] [0xc3][0xa0] [[Grasse]] ; [0xc3][0xa9]crivain et r[0xc3][0xa9]sistant, lib[0xc3][0xa9]rateur de la ville sous le nom de g[0xc3][0xa9]n[0xc3][0xa9]ral Le Vigan.[\n]"
DEBUG main httpclient.wire.content - << "* [[Antonio Otero Seco]] ([[1905]]-[[1970]]), n[0xc3][0xa9] en [[Espagne]] et d[0xc3][0xa9]c[0xc3][0xa9]d[0xc3][0xa9] [0xc3][0xa0] Rennes, journaliste, critique litt[0xc3][0xa9]raire, [0xc3][0xa9]crivain, po[0xc3][0xa8]te et r[0xc3][0xa9]publicain espagnol, exil[0xc3][0xa9] en France de 1947 [0xc3][0xa0] 1970.[\n]"
DEBUG main httpclient.wire.content - << "* [[Yvonne Meynier]], ([[1908]]-[[1995]]), [0xc3][0xa9]crivain pour enfant, [0xc3][0xa9]pouse d'[[Andr[0xc3][0xa9] Meynier]], d[0xc3][0xa9]c[0xc3][0xa9]d[0xc3][0xa9]e [0xc3][0xa0] Rennes le 15 avril 1995.[\n]"
DEBUG main httpclient.wire.content - << "* [[Paul Ric[0xc5][0x93]ur]], ([[1913]]-[[2005]]), l'un des plus importants philosophes du {{s-|XX|e}}, a [0xc3][0xa9]tudi[0xc3][0xa9] la philosophie [0xc3][0xa0] Rennes.[\n]"
DEBUG main httpclient.wire.content - << "* [[Georgette Piccon]] ([[1920]]-[[2004]]), artiste peintre n[0xc3][0xa9]e [0xc3][0xa0] Sostel, a v[0xc3][0xa9]cu [0xc3][0xa0] Rennes de [[1950]] [0xc3][0xa0] [[2003]] et a r[0xc3][0xa9]alis[0xc3][0xa9] de nombreuses [0xc5][0x93]uvres repr[0xc3][0xa9]sentant Rennes.[\n]"
DEBUG main httpclient.wire.content - << "* [[Geoffroy Dauvergne]] ([[1922]]-[[1977]]), peintre, prix de la Ville de Rennes ([[1942]]-[[1943]]), Second Prix de Rome ([[1949]]), Prix Casa V[0xc3][0xa9]lasquez ([[1953]]).[\n]"
DEBUG main httpclient.wire.content - << "* [[Yves Dubreil]], ing[0xc3][0xa9]nieur [0xc3][0xa0] la r[0xc3][0xa9]gie [[Renault]], [0xc2][0xab] p[0xc3][0xa8]re [0xc2][0xbb] de la [[Renault Twingo I|Twingo]]&lt;ref&gt;{{Ouvrage |auteur=Pierre-Yves Heurtin, Dominique Irovas-Dantec, Yvon Lechevestrier, [[Louis-Michel Nourry]], Jean-Yves Chapuis |titre=Rennes |[0xc3][0xa9]diteur=[0xc3][0x89]ditions [[Ouest-France]] |lieu=Rennes |ann[0xc3][0xa9]e=1997 |isbn=2-7373-2170-0 |issn= |lire en ligne= |num[0xc3][0xa9]ro= |passage=}}&lt;/ref&gt;.[\n]"
DEBUG main httpclient.wire.content - << "* [[Guy Parigot]] ([[1922]]-[[2007]]) com[0xc3][0xa9]dien, metteur en sc[0xc3][0xa8]ne et directeur de lieux de culture [0xc3][0xa0] Rennes.[\n]"
DEBUG main httpclient.wire.content - << "* [[M[0xc3][0xa1]rio Soares]], n[0xc3][0xa9] en [[1924]], pr[0xc3][0xa9]sident de la R[0xc3][0xa9]publique portugaise, r[0xc3][0xa9]fugi[0xc3][0xa9] en France, a enseign[0xc3][0xa9] [0xc3][0xa0] la facult[0xc3][0xa9] des Lettres de Rennes au d[0xc3][0xa9]but des ann[0xc3][0xa9]es 1970.[\n]"
DEBUG main httpclient.wire.content - << "* La [[[0xc3][0x89]vellin (orf[0xc3][0xa8]vres)|famille [0xc3][0x89]vellin]], [[orf[0xc3][0xa8]vre]]s implant[0xc3][0xa9]s [0xc3][0xa0] Rennes depuis [[1924]].[\n]"
DEBUG main httpclient.wire.content - << "* [[Maurice Fanon]] ([[1929]]-[[1991]]), auteur-compositeur-interpr[0xc3][0xa8]te, [0xc3][0xa9]tudiant [0xc3][0xa0] l'[[universit[0xc3][0xa9] de Rennes]], auteur de la chanson ''La fille de Rennes''&lt;ref&gt;https://www.youtube.com/watch?v=vwXw-46W7bY&lt;/ref&gt;.[\n]"
DEBUG main httpclient.wire.content - << "* [[Milan Kundera]], n[0xc3][0xa9] en [[1929]], [0xc3][0xa9]crivain, auteur de [[l'Insoutenable L[0xc3][0xa9]g[0xc3][0xa8]ret[0xc3][0xa9] de l'[0xc3][0xaa]tre]], a enseign[0xc3][0xa9] [0xc3][0xa0] l'universit[0xc3][0xa9] de Rennes.[\n]"
DEBUG main httpclient.wire.content - << "* [[Jacques L[0xc3][0xa9]onard (professeur fran[0xc3][0xa7]ais)|Jacques L[0xc3][0xa9]onard]], [[1935]]-[[1988]], professeur [0xc3][0xa0] l'[[Universit[0xc3][0xa9] de Rennes II]].[\n]"
DEBUG main httpclient.wire.content - << "* [[Fran[0xc3][0xa7]ois Pinault]], n[0xc3][0xa9] en [[1936]], homme d'affaires fran[0xc3][0xa7]ais, propri[0xc3][0xa9]taire du [[Stade rennais football club]] et ancien PDG de [[Pinault-Printemps-Redoute]].[\n]"
DEBUG main httpclient.wire.content - << "* [[Michel Renouard]], n[0xc3][0xa9] en [[1942]] [0xc3][0xa0] Dinan, C[0xc3][0xb4]tes-d'Armor, universitaire (sp[0xc3][0xa9]cialiste de l'Inde britannique), [0xc3][0xa9]crivain, romancier, a enseign[0xc3][0xa9] [0xc3][0xa0] Rennes de [[1961]] [0xc3][0xa0] [[2002]].[\n]"
DEBUG main httpclient.wire.content - << "* [[Nono (illustrateur)|Nono]], n[0xc3][0xa9] en [[1949]], dessinateur breton.[\n]"
DEBUG main httpclient.wire.content - << "* [[[0xc3][0x89]tienne Daho]], n[0xc3][0xa9] en [[1956]], chanteur a v[0xc3][0xa9]cu sa jeunesse [0xc3][0xa0] Rennes et y a commenc[0xc3][0xa9] sa carri[0xc3][0xa8]re artistique.[\n]"
DEBUG main httpclient.wire.content - << "* [[[0xc3][0x89]lisabeth Bourgine]], n[0xc3][0xa9]e en [[1957]], com[0xc3][0xa9]dienne, a [0xc3][0xa9]tudi[0xc3][0xa9] au Conservatoire d'Art Dramatique de Rennes.[\n]"
DEBUG main httpclient.wire.content - << "* [[Pascal Obispo]], n[0xc3][0xa9] en [[1965]], auteur-compositeur-interpr[0xc3][0xa8]te fran[0xc3][0xa7]ais.[\n]"
DEBUG main httpclient.wire.content - << "* [[[0xc3][0x89]ric Vuillard]], n[0xc3][0xa9] en 1968, [0xc3][0xa9]crivain, cin[0xc3][0xa9]aste et sc[0xc3][0xa9]nariste, Prix Goncourt 2017.[\n]"
DEBUG main httpclient.wire.content - << "* [[Christophe Honor[0xc3][0xa9]]], n[0xc3][0xa9] en [[1970]], [0xc3][0xa9]crivain, r[0xc3][0xa9]alisateur, sc[0xc3][0xa9]nariste, dramaturge et metteur en sc[0xc3][0xa8]ne.[\n]"
DEBUG main httpclient.wire.content - << "* [[St[0xc3][0xa9]phane Guivarc'h]], n[0xc3][0xa9] en [[1970]], footballeur international fran[0xc3][0xa7]ais, champion du monde [[1998]].[\n]"
DEBUG main httpclient.wire.content - << "* [[Sylvain Wiltord]], n[0xc3][0xa9] en [[1974]], footballeur international fran[0xc3][0xa7]ais, champion d'Europe [[2000]].[\n]"
DEBUG main httpclient.wire.content - << "* [[Da Silva]], n[0xc3][0xa9] en [[1976]], chanteur fran[0xc3][0xa7]ais, habite [0xc3][0xa0] Rennes.[\n]"
DEBUG main httpclient.wire.content - << "* [[Mika[0xc3][0xab]l Silvestre]], n[0xc3][0xa9] en [[1977]], footballeur international fran[0xc3][0xa7]ais, vice-champion du monde [[2006]].[\n]"
DEBUG main httpclient.wire.content - << "* [[Riad Sattouf]], n[0xc3][0xa9] en [[1978]], auteur de BD et r[0xc3][0xa9]alisateur, a pass[0xc3][0xa9] toute son adolescence [0xc3][0xa0] Rennes et y a tourn[0xc3][0xa9] son film ''[[Les Beaux Gosses]]''.[\n]"
DEBUG main httpclient.wire.content - << "* [[Louise Bourgoin]], n[0xc3][0xa9]e en [[1981]], com[0xc3][0xa9]dienne, mannequin et animatrice de t[0xc3][0xa9]l[0xc3][0xa9]vision fran[0xc3][0xa7]aise a [0xc3][0xa9]tudi[0xc3][0xa9] cinq ans [0xc3][0xa0] l'[[[0xc3][0x89]cole r[0xc3][0xa9]gionale des beaux-arts de Rennes]].[\n]"
DEBUG main httpclient.wire.content - << "* [[Damien Guillon]], n[0xc3][0xa9] en 1981, contret[0xc3][0xa9]nor baroque et fondateur de l'ensemble Banquet C[0xc3][0xa9]leste.[\n]"
DEBUG main httpclient.wire.content - << "* [[Yoann Gourcuff]], n[0xc3][0xa9] en [[1986]], footballeur international fran[0xc3][0xa7]ais.[\n]"
DEBUG main httpclient.wire.content - << "[\n]"
DEBUG main httpclient.wire.content - << "=== Films tourn[0xc3][0xa9]s [0xc3][0xa0] Rennes ===[\n]"
DEBUG main httpclient.wire.content - << "{{Cat[0xc3][0xa9]gorie d[0xc3][0xa9]taill[0xc3][0xa9]e|Film tourn[0xc3][0xa9] [0xc3][0xa0] Rennes}}[\n]"
DEBUG main httpclient.wire.content - << "* [[1953 au cin[0xc3][0xa9]ma|1953]] : ''[[Le Gu[0xc3][0xa9]risseur (film)|Le Gu[0xc3][0xa9]risseur]]'' de [[Yves Ciampi]][\n]"
DEBUG main httpclient.wire.content - << "* [[1969 au cin[0xc3][0xa9]ma|1969]] : ''[[Du soleil plein les yeux]]'' de [[Michel Boisrond]][\n]"
DEBUG main httpclient.wire.content - << "* [[1991 au cin[0xc3][0xa9]ma|1991]] : ''[[Loulou Graffiti]]'' de Christian Lejal[0xc3][0xa9][\n]"
DEBUG main httpclient.wire.content - << "* [[2009 au cin[0xc3][0xa9]ma|2009]] : ''[[Les Beaux Gosses]]'' de [[Riad Sattouf]][\n]"
DEBUG main httpclient.wire.content - << "* [[2009 au cin[0xc3][0xa9]ma|2009]] : ''[[D'une seule voix]]'' de [[Xavier de Lauzanne]][\n]"
DEBUG main httpclient.wire.content - << "* [[2010 au cin[0xc3][0xa9]ma|2010]] : ''[[Le D[0xc3][0xa9]m[0xc3][0xa9]nagement (film)|Le D[0xc3][0xa9]m[0xc3][0xa9]nagement]]'' de [[Catherine Rechard]][\n]"
DEBUG main httpclient.wire.content - << "* [[2013 au cin[0xc3][0xa9]ma|2013]] : ''[[Les Lendemains]]'' de B[0xc3][0xa9]n[0xc3][0xa9]dicte Pagnot[\n]"
DEBUG main httpclient.wire.content - << "* [[2014 au cin[0xc3][0xa9]ma|2014]] : ''[[Qui vive]]'' de [[Marianne Tardieu]][\n]"
DEBUG main httpclient.wire.content - << "* [[2015 au cin[0xc3][0xa9]ma|2015]] : ''[[Les Chaises musicales]]'' de [[Marie Belhomme]][\n]"
DEBUG main httpclient.wire.content - << "* [[2015 au cin[0xc3][0xa9]ma|2015]] : ''[[La Taularde]]'' de [[Audrey Estrougo]][\n]"
DEBUG main httpclient.wire.content - << "* 2015 : ''[[Au nom des fils]]'' &lt;small&gt;(t[0xc3][0xa9]l[0xc3][0xa9]film)&lt;/small&gt; de [[Christian Faure (r[0xc3][0xa9]alisateur)|Christian Faure]][\n]"
DEBUG main httpclient.wire.content - << "* 2015 : ''[[Suite armoricaine]]'' de [[Pascale Breton]][\n]"
DEBUG main httpclient.wire.content - << "* [[2016 au cin[0xc3][0xa9]ma|2016]] : ''[[Bitter Flowers]]'' de [[Olivier Meys]][\n]"
DEBUG main httpclient.wire.content - << "* [[2018 au cin[0xc3][0xa9]ma|2018]] : ''[[Plaire, aimer et courir vite]]'' de [[Christophe Honor[0xc3][0xa9]]][\n]"
DEBUG main httpclient.wire.content - << "[\n]"
DEBUG main httpclient.wire.content - << "=== Rennes dans la litt[0xc3][0xa9]rature et la bande-dessin[0xc3][0xa9]e ===[\n]"
DEBUG main httpclient.wire.content - << "Bien que de nombreux auteurs y ont v[0xc3][0xa9]cu ou s[0xc3][0xa9]journ[0xc3][0xa9], rares sont les [0xc5][0x93]uvres qui ont pour cadre Rennes.[\n]"
DEBUG main httpclient.wire.content - << "* ''[[Ast[0xc3][0xa9]rix et le Chaudron]]'', [[album de bande dessin[0xc3][0xa9]e]] paru en [[1969 en bande dessin[0xc3][0xa9]e|1969]], [[Sc[0xc3][0xa9]nario de bande dessin[0xc3][0xa9]e|sc[0xc3][0xa9]naris[0xc3][0xa9]]] par [[Ren[0xc3][0xa9] Goscinny]] et dessin[0xc3][0xa9] par [[Albert Uderzo]]. [[Ast[0xc3][0xa9]rix (personnage)|Ast[0xc3][0xa9]rix]] et [[Ob[0xc3][0xa9]lix]] s'y rendent [0xc3][0xa0] ''Condate'', qui est la grande cit[0xc3][0xa9] gallo-romaine la plus proche de leur village fictif d'[[Armorique]]. La plus grande partie du r[0xc3][0xa9]cit s'y d[0xc3][0xa9]roule, mais bien entendu dans un d[0xc3][0xa9]cor qui doit sans doute plus [0xc3][0xa0] l'imagination des auteurs qu'[0xc3][0xa0] ce qu'[0xc3][0xa9]tait celui du ''Condate Riedonum'' antique, o[0xc3][0xb9] par exemple sont nombreux [[anachronisme]]s volontaires, qui sont une des caract[0xc3][0xa9]ristiques de la s[0xc3][0xa9]rie ''[[Ast[0xc3][0xa9]rix]]''. L'action de l'album ''[[Ast[0xc3][0xa9]rix et Latraviata]]'' {{incise|sc[0xc3][0xa9]naris[0xc3][0xa9] et dessin[0xc3][0xa9] par Uderzo et publi[0xc3][0xa9] en [[2001 en bande dessin[0xc3][0xa9]e|2001]]}} conduit aussi Ast[0xc3][0xa9]rix et Ob[0xc3][0xa9]lix [0xc3][0xa0] ''Condate''.[\n]"
DEBUG main httpclient.wire.content - << "* ''[[Les Cinq [0xc3][0x89]cus de Bretagne]]'', [[roman historique]] paru en [[1993 en litt[0xc3][0xa9]rature|1993]], [0xc3][0xa9]crit par [[[0xc3][0x89]velyne Brisou-Pellen]].[\n]"
DEBUG main httpclient.wire.content - << "* ''Terminus Rennes'', roman paru en [[2012 en litt[0xc3][0xa9]rature|2012]], [0xc3][0xa9]crit par [[Jacques Josse]].[\n]"
DEBUG main httpclient.wire.content - << "* ''Fox-Boy'' T1, ''La Nuit du renard'', paru en septembre [[2014 en bande dessin[0xc3][0xa9]e|2014]] chez [[Delcourt (maison d'[0xc3][0xa9]dition)|Delcourt]], de [[Laurent Lefeuvre]] {{ISBN|978-2756060255}}.[\n]"
DEBUG main httpclient.wire.content - << "[\n]"
DEBUG main httpclient.wire.content - << "=== Vie militaire ===[\n]"
DEBUG main httpclient.wire.content - << "Unit[0xc3][0xa9]s ayant tenu garnison [0xc3][0xa0] Rennes, principalement durant la premi[0xc3]"
DEBUG main httpclient.wire.content - << "[\r]"
DEBUG main httpclient.wire.content - << "[\n]"
DEBUG main httpclient.wire.content - << "2"
DEBUG main httpclient.wire.content - << "0"
DEBUG main httpclient.wire.content - << "0"
DEBUG main httpclient.wire.content - << "0"
DEBUG main httpclient.wire.content - << "[\r]"
DEBUG main httpclient.wire.content - << "[\n]"
DEBUG main httpclient.wire.content - << "[0xa8]re moiti[0xc3][0xa9] du {{XXe si[0xc3][0xa8]cle}} :[\n]"
DEBUG main httpclient.wire.content - << "* [[r[0xc3][0xa9]gion terre Nord-Ouest|[0xc3][0x89]tat-major de soutien D[0xc3][0xa9]fense (EMSD)]], depuis 2011, anciennement [0xc3][0xa9]tat-major r[0xc3][0xa9]gion terre Nord-Ouest (RTNO).[\n]"
DEBUG main httpclient.wire.content - << "* [0xc3][0x89]tat-major du [[10e corps d'arm[0xc3][0xa9]e (France)|{{10e}} corps d'arm[0xc3][0xa9]e]][\n]"
DEBUG main httpclient.wire.content - << "* [0xc3][0x89]tat-major de la [[19e division d'infanterie (France)|{{19e}} division d'infanterie]][\n]"
DEBUG main httpclient.wire.content - << "* [0xc3][0x89]tat-major de la [[20e division d'infanterie (France)|{{20e}} division d'infanterie]][\n]"
DEBUG main httpclient.wire.content - << "* [[41e r[0xc3][0xa9]giment d'infanterie de ligne|{{41e}} r[0xc3][0xa9]giment d'infanterie]][\n]"
DEBUG main httpclient.wire.content - << "* [[7e r[0xc3][0xa9]giment d'artillerie (France)|{{7e}} r[0xc3][0xa9]giment d'artillerie]][\n]"
DEBUG main httpclient.wire.content - << "* [[10e r[0xc3][0xa9]giment d'artillerie|{{10e}} r[0xc3][0xa9]giment d'artillerie]][\n]"
DEBUG main httpclient.wire.content - << "* [[10e r[0xc3][0xa9]giment d'artillerie|{{10e}} r[0xc3][0xa9]giment d'artillerie divisionnaire]][\n]"
DEBUG main httpclient.wire.content - << "* {{10e}} l[0xc3][0xa9]gion de gendarmerie[\n]"
DEBUG main httpclient.wire.content - << "* {{16e}} r[0xc3][0xa9]giment d'artillerie[\n]"
DEBUG main httpclient.wire.content - << "[\n]"
DEBUG main httpclient.wire.content - << "Unit[0xc3][0xa9]s tenant garnison [0xc3][0xa0] Rennes :[\n]"
DEBUG main httpclient.wire.content - << "* EGM 11/3[\n]"
DEBUG main httpclient.wire.content - << "[\n]"
DEBUG main httpclient.wire.content - << "=== H[0xc3][0xa9]raldique, logotype et devise ===[\n]"
DEBUG main httpclient.wire.content - << "==== Armes ====[\n]"
DEBUG main httpclient.wire.content - << "{{Blason-ville-fr[\n]"
DEBUG main httpclient.wire.content - << "| img1=Blason Rennes.svg[\n]"
DEBUG main httpclient.wire.content - << "| l1=80px[\n]"
DEBUG main httpclient.wire.content - << "| legende1= Blason de Rennes[\n]"
DEBUG main httpclient.wire.content - << "| texte= Le [[H[0xc3][0xa9]raldique|blason]] de Rennes se [[blasonnement|blasonne]] ainsi :[\n]"
DEBUG main httpclient.wire.content - << "[\n]"
DEBUG main httpclient.wire.content - << "[0xc2][0xab] Pal[0xc3][0xa9] d[0xe2][0x80][0x99]argent et de sable de six pi[0xc3][0xa8]ces, au chef d[0xe2][0x80][0x99]argent charg[0xc3][0xa9] de cinq mouchetures d[0xe2][0x80][0x99]hermine de sable. [0xc2][0xbb][\n]"
DEBUG main httpclient.wire.content - << "[\n]"
DEBUG main httpclient.wire.content - << "Le nombre de pals et de mouchetures d[0xe2][0x80][0x99]hermine a vari[0xc3][0xa9] selon l[0xe2][0x80][0x99][0xc3][0xa9]poque et la source. La Croix de guerre est appendue [0xc3][0xa0] l[0xe2][0x80][0x99][0xc3][0xa9]cu qui est timbr[0xc3][0xa9] d[0xe2][0x80][0x99]une couronne murale d[0xe2][0x80][0x99]or.}}[\n]"
DEBUG main httpclient.wire.content - << "[\n]"
DEBUG main httpclient.wire.content - << "{{Blason-ville-fr[\n]"
DEBUG main httpclient.wire.content - << "| img1=Blason ville fr Rennes-Empire.svg[\n]"
DEBUG main httpclient.wire.content - << "| l1=80px[\n]"
DEBUG main httpclient.wire.content - << "| legende1= Blason de Rennes[\n]"
DEBUG main httpclient.wire.content - << "| texte= Pendant le {{1er}} Empire, Rennes devient une [[bonne ville]] et adopte en 1811 de nouvelles armoiries :[\n]"
DEBUG main httpclient.wire.content - << "[\n]"
DEBUG main httpclient.wire.content - << "[0xc2][0xab] d[0xe2][0x80][0x99]hermine, au chef de gueules charg[0xc3][0xa9] de trois abeilles d[0xe2][0x80][0x99]or qui est le signe des bonnes villes de l[0xe2][0x80][0x99]Empire. [0xc2][0xbb][\n]"
DEBUG main httpclient.wire.content - << "[\n]"
DEBUG main httpclient.wire.content - << "Elle conserve ces armoiries jusqu[0xe2][0x80][0x99][0xc3][0xa0] la Restauration en 1815&lt;ref&gt;{{lien web|url=http://www.archives.rennes.fr/action-culturelle/expositions/tresor-d-archives/proposition-d-armoiries/|titre=Tr[0xc3][0xa9]sor d'archives|site=Archives municipales de Rennes}}&lt;/ref&gt;.}}[\n]"
DEBUG main httpclient.wire.content - << "[\n]"
DEBUG main httpclient.wire.content - << "Le blason est repris par le mobilier urbain et par des [0xc3][0xa9]difices publics, priv[0xc3][0xa9]s ou religieux de la ville ou d[0xe2][0x80][0x99]ailleurs.[\n]"
DEBUG main httpclient.wire.content - << "[\n]"
DEBUG main httpclient.wire.content - << "&lt;gallery caption="Mobilier urbain"&gt;[\n]"
DEBUG main httpclient.wire.content - << "Fichier:Lanterne devant l'op[0xc3][0xa9]ra (d[0xc3][0xa9]tail), Rennes, France.jpg|Lanterne de l[0xe2][0x80][0x99]Op[0xc3][0xa9]ra.[\n]"
DEBUG main httpclient.wire.content - << "Fichier:Lampadaire sur la place de la mairie, Rennes, France.jpg|Lampadaire place de la Mairie.[\n]"
DEBUG main httpclient.wire.content - << "Fichier:Mus[0xc3][0xa9]e de Bretagne - point d'eau.jpg|Fontaine.[\n]"
DEBUG main httpclient.wire.content - << "Fichier:Mus[0xc3][0xa9]e de Bretagne - poteau d'octroi.jpg|Poteau d'octroi.[\n]"
DEBUG main httpclient.wire.content - << "&lt;/gallery&gt;[\n]"
DEBUG main httpclient.wire.content - << "[\n]"
DEBUG main httpclient.wire.content - << "&lt;gallery caption="[0xc3][0x89]difices" perrow="4"&gt;[\n]"
DEBUG main httpclient.wire.content - << "Fichier:H[0xc3][0xb4]tel de Ville de Rennes - fronton beffroi.JPG|Fronton du beffroi de l[0xe2][0x80][0x99]h[0xc3][0xb4]tel de ville.[\n]"
DEBUG main httpclient.wire.content - << "Fichier:Fronton du pavillon nord de la fa[0xc3][0xa7]ade du lyc[0xc3][0xa9]e [0xc3][0x89]mile Zola, Rennes, France.jpg|Lyc[0xc3][0xa9]e [0xc3][0x89]mile-Zola[\n]"
DEBUG main httpclient.wire.content - << "Fichier:Horloge et armoiries de Rennes sur la fa[0xc3][0xa7]ade de l'[0xc3][0xa9]cole [0xc3][0xa9]l[0xc3][0xa9]mentaire publique Contour Saint-Aubin, Rennes, France.jpg|[0xc3][0x89]cole Contour-Saint-Aubin.[\n]"
DEBUG main httpclient.wire.content - << "Fichier:Heraldry relief PTT Rennes.jpg|Palais du Commerce.[\n]"
DEBUG main httpclient.wire.content - << "Fichier:Fronton de l'ancien h[0xc3][0xb4]tel des N[0xc3][0xa9]tumi[0xc3][0xa8]res, Rennes, France.jpg|Ancien h[0xc3][0xb4]tel des N[0xc3][0xa9]tumi[0xc3][0xa8]res[\n]"
DEBUG main httpclient.wire.content - << "Fichier:Armes de Rennes dans les vitraux du chevet de l'[0xc3][0xa9]glise Saint-Aubin en Notre-Dame-de-Bonne-Nouvelle, Rennes, France.jpg|[0xc3][0x89]glise Saint-Aubin-en-Notre-Dame-de-Bonne-Nouvelle.[\n]"
DEBUG main httpclient.wire.content - << "Fichier:Paris - si[0xc3][0xa8]ge du Cr[0xc3][0xa9]dit lyonnais - rue de Gramont 15.JPG|Si[0xc3][0xa8]ge du Cr[0xc3][0xa9]dit lyonnais [0xc3][0xa0] Paris.[\n]"
DEBUG main httpclient.wire.content - << "Fichier:Armoiries Acad[0xc3][0xa9]mie Rennes mur Sorbonne.jpg|La Sorbonne [0xc3][0xa0] Paris.[\n]"
DEBUG main httpclient.wire.content - << "&lt;/gallery&gt;[\n]"
DEBUG main httpclient.wire.content - << "[\n]"
DEBUG main httpclient.wire.content - << "==== Logotypes ====[\n]"
DEBUG main httpclient.wire.content - << "{{Blason-ville-fr[\n]"
DEBUG main httpclient.wire.content - << "| img1=Ville de Rennes.svg[\n]"
DEBUG main httpclient.wire.content - << "| l1=80px[\n]"
DEBUG main httpclient.wire.content - << "| legende1= Logotype de la Ville de Rennes[\n]"
DEBUG main httpclient.wire.content - << "| texte= Logotype de la Ville de Rennes : R de Rennes en hachures blanches et vertes, sous lequel est [0xc3][0xa9]crit en capitales noires [0xc2][0xab] RENNES [0xc2][0xbb] dont les jambes des deux N sont fusionn[0xc3][0xa9]es.[\n]"
DEBUG main httpclient.wire.content - << "[\n]"
DEBUG main httpclient.wire.content - << "L'ancien logo de l'office public d[0xe2][0x80][0x99]HLM de Rennes est une d[0xc3][0xa9]clinaison du logo de la ville de Rennes.}}[\n]"
DEBUG main httpclient.wire.content - << "[\n]"
DEBUG main httpclient.wire.content - << "==== Drapeaux ====[\n]"
DEBUG main httpclient.wire.content - << "[[Fichier:Drapeau ville rennes.gif|vignette|gauche|80px|Drapeau courant de la ville de Rennes.]][\n]"
DEBUG main httpclient.wire.content - << "[\n]"
DEBUG main httpclient.wire.content - << "La plus ancienne mention connue d'un drapeau rennais (d[0xc3][0xa9]but {{s-|XVI|e}}) montre l'[0xc3][0xa9]cu municipal (pal[0xc3][0xa9] d'argent et de sable de six pi[0xc3][0xa8]ces, au chef d'argent charg[0xc3][0xa9] de trois mouchetures d'hermine de sable) sur un fond jaune bistre&lt;ref&gt;Divi Kervella, Mikael Bodlore-Penlaez, ''Guide des drapeaux bretons et celtes'', Fouenant, [0xc3][0x89]ditions Yoran Embanner, 2008, {{p.}}118, {{ISBN|978-2-916579-12-2}}.&lt;/ref&gt;. Plus r[0xc3][0xa9]cemment, diverses variantes ont [0xc3][0xa9]t[0xc3][0xa9] utilis[0xc3][0xa9]es, tant par la municipalit[0xc3][0xa9] que d'autres organismes rennais. Le dessin ci-contre est le plus courant. Certains pensent que [[Morvan Marchal]] s'en est inspir[0xc3][0xa9] pour cr[0xc3][0xa9]er le [[Drapeau de la Bretagne|Gwenn-ha-du]]. Un autre dessin est utilis[0xc3][0xa9] par le Bleu[0xc3][0xb1]-Brug du [[Finist[0xc3][0xa8]re]] et semble provenir de la marque du Cercle celtique de Rennes. Une version qui pr[0xc3][0xa9]sente l'[0xc3][0xa9]cu bascul[0xc3][0xa9] a [0xc3][0xa9]t[0xc3][0xa9] reprise par le bagad de [[Vern-sur-Seiche]].[\n]"
DEBUG main httpclient.wire.content - << "[\n]"
DEBUG main httpclient.wire.content - << "Un drapeau blanc sem[0xc3][0xa9] d'hermines noires avec les armoiries de la ville au centre a [0xc3][0xa9]t[0xc3][0xa9] utilis[0xc3][0xa9] sur la [[mairie de Rennes]] [0xc3][0xa0] l[0xe2][0x80][0x99][0xc3][0xa9]poque contemporaine&lt;ref&gt;[http://emblemes.free.fr/site/index.php?option=com_content&amp;id=2428 Drapeaux de Rennes]&lt;/ref&gt;.[\n]"
DEBUG main httpclient.wire.content - << "{{clr}}[\n]"
DEBUG main httpclient.wire.content - << "[\n]"
DEBUG main httpclient.wire.content - << "==== Devises ====[\n]"
DEBUG main httpclient.wire.content - << "* Devise moderne de la ville et de la m[0xc3][0xa9]tropole : [0xc2][0xab] Vivre en intelligence [0xc2][0xbb]. Pierre-Yves Heurtin, historien et ancien adjoint au maire, explique cette devise par la la[0xc3][0xaf]cit[0xc3][0xa9] qui est {{Citation|l[0xe2][0x80][0x99]art de vivre ensemble en laissant la libert[0xc3][0xa9] [0xc3][0xa0] chacun, dans le respect des autres. La devise de la ville de Rennes me semble d[0xc3][0xa9]finir un aspect fondamental de la la[0xc3][0xaf]cit[0xc3][0xa9] dans une cit[0xc3][0xa9] : [0xc2][0xab] Vivre en intelligence}}&lt;ref&gt;{{Article | auteur = |titre=La[0xc3][0xaf]cit[0xc3][0xa9] : [0xc2][0xab] il est urgent de l'expliquer [0xc2][0xbb] | sous-titre = | journal = Le Rennais | ISSN = | no = 369 | page = 21 | date = D[0xc3][0xa9]cembre 2005 | url = http://www.rennes.fr/index.php?id=181&amp;doc=115&amp;cHash=a0b7a1019a&amp;id=181 | consult[0xc3][0xa9] le = 4 octobre 2008 | extrait = }}&lt;/ref&gt;.[\n]"
DEBUG main httpclient.wire.content - << "* [0xc2][0xab] [0xc3][0x80] ma vie [0xc2][0xbb][\n]"
DEBUG main httpclient.wire.content - << "* [0xc2][0xab] {{lang|la|Sine macvla}} [0xc2][0xbb] (''Sans tache''), allusive au chef d[0xe2][0x80][0x99]hermine.[\n]"
DEBUG main httpclient.wire.content - << "* [0xc2][0xab] {{lang|la|Urbs rhedonum incensa, resurgens}} [0xc2][0xbb] (''La ville de Rennes br[0xc3][0xbb]l[0xc3][0xa9]e, renaissante''), allusive [0xc3][0xa0] l[0xe2][0x80][0x99][[Incendie de Rennes de 1720|incendie de 1720]] qui d[0xc3][0xa9]vasta la ville.[\n]"
DEBUG main httpclient.wire.content - << "[\n]"
DEBUG main httpclient.wire.content - << "== Voir aussi ==[\n]"
DEBUG main httpclient.wire.content - << "=== Bibliographie ===[\n]"
DEBUG main httpclient.wire.content - << "* Jean-Baptiste Og[0xc3][0xa9]e; annot[0xc3][0xa9] par Marteville : ''Rennes ancienne''. 1850[\n]"
DEBUG main httpclient.wire.content - << "* {{Ouvrage | langue = fr | auteur = Jean-Christophe Cassard | titre = La Bretagne des premiers si[0xc3][0xa8]cles | [0xc3][0xa9]diteur = [0xc3][0x89]ditions Jean-Paul Gisserot | lieu =  | ann[0xc3][0xa9]e = 1994 | pages totales = 119 | isbn = 9782877471374 | isbn2 = 2877471373}}.[\n]"
DEBUG main httpclient.wire.content - << "* {{Ouvrage |auteur=Pierre-Yves Heurtin, Dominique Irovas-Dantec, Yvon Lechevestrier, Louis-Michel Nourry, Jean-Yves Chapuis |titre=Rennes |[0xc3][0xa9]diteur=[0xc3][0x89]ditions [[Ouest-France]] |lieu=Rennes |ann[0xc3][0xa9]e=1997 |isbn=2-7373-2170-0 |issn= |lire en ligne= |num[0xc3][0xa9]ro= |passage=}}[\n]"
DEBUG main httpclient.wire.content - << "* {{Ouvrage[\n]"
DEBUG main httpclient.wire.content - << "|nom1=coll.[\n]"
DEBUG main httpclient.wire.content - << "|titre=Le patrimoine des communes d[0xe2][0x80][0x99]Ille-et-Vilaine[\n]"
DEBUG main httpclient.wire.content - << "|[0xc3][0xa9]diteur=Flohic[\n]"
DEBUG main httpclient.wire.content - << "|langue=fran[0xc3][0xa7]ais[\n]"
DEBUG main httpclient.wire.content - << "|lieu=Paris[\n]"
DEBUG main httpclient.wire.content - << "|pages=1781[\n]"
DEBUG main httpclient.wire.content - << "|isbn=2-84234-072-8[\n]"
DEBUG main httpclient.wire.content - << "}}, pages 1211 [0xc3][0xa0] 1300. D[0xc3][0xa9]p[0xc3][0xb4]t l[0xc3][0xa9]gal : mars 2000.[\n]"
DEBUG main httpclient.wire.content - << "* ''Le Pays de Rennes : Histoire &amp; Identit[0xc3][0xa9]'', CRHISCO/[[Centre national de la recherche scientifique|CNRS]] [[Universit[0xc3][0xa9] Rennes 2]], Presses Universitaires Rennes, Rennes, 2001.[\n]"
DEBUG main httpclient.wire.content - << "* ''Rennes sous la {{IIIe}} R[0xc3][0xa9]publique : cahiers d'Edmond Vadot, secr[0xc3][0xa9]taire g[0xc3][0xa9]n[0xc3][0xa9]ral de la ville de 1885 [0xc3][0xa0] 1909'', dir. Patrick Harismendy, Presses universitaires de Rennes, ville de Rennes, Rennes, 2008[\n]"
DEBUG main httpclient.wire.content - << "[\n]"
DEBUG main httpclient.wire.content - << "=== Articles connexes ===[\n]"
DEBUG main httpclient.wire.content - << "{{Autres projets[\n]"
DEBUG main httpclient.wire.content - << "|commons=Category:Rennes[\n]"
DEBUG main httpclient.wire.content - << "|wiktionary=Rennes[\n]"
DEBUG main httpclient.wire.content - << "|wikiquote=Rennes[\n]"
DEBUG main httpclient.wire.content - << "|wikivoyage=Rennes[\n]"
DEBUG main httpclient.wire.content - << "|wikisource=Cat[0xc3][0xa9]gorie:Rennes}}[\n]"
DEBUG main httpclient.wire.content - << "[\n]"
DEBUG main httpclient.wire.content - << "; Articles d[0xc3][0xa9]taill[0xc3][0xa9]s[\n]"
DEBUG main httpclient.wire.content - << "* [[Archidioc[0xc3][0xa8]se de Rennes, Dol et Saint-Malo]][\n]"
DEBUG main httpclient.wire.content - << "* [[[0xc3][0x89]tudes [0xc3][0xa0] Rennes]] : Liste des [0xc3][0xa9]coles primaires, secondaires et sup[0xc3][0xa9]rieures de Rennes.[\n]"
DEBUG main httpclient.wire.content - << "* [[Histoire de Rennes]][\n]"
DEBUG main httpclient.wire.content - << "* [[Parcs et jardins de Rennes]][\n]"
DEBUG main httpclient.wire.content - << "* [[Patrimoine architectural de Rennes]][\n]"
DEBUG main httpclient.wire.content - << "* [[Sport [0xc3][0xa0] Rennes]][\n]"
DEBUG main httpclient.wire.content - << "* [[Transports et communications [0xc3][0xa0] Rennes]][\n]"
DEBUG main httpclient.wire.content - << "[\n]"
DEBUG main httpclient.wire.content - << "; Listes[\n]"
DEBUG main httpclient.wire.content - << "* [[Liste des comtes de Rennes]][\n]"
DEBUG main httpclient.wire.content - << "* [[Liste des maires de Rennes]][\n]"
DEBUG main httpclient.wire.content - << "* [[Liste des [0xc5][0x93]uvres publiques de Rennes]][\n]"
DEBUG main httpclient.wire.content - << "[\n]"
DEBUG main httpclient.wire.content - << "=== Liens externes ===[\n]"
DEBUG main httpclient.wire.content - << "[\n]"
DEBUG main httpclient.wire.content - << "&lt;!-- merci de ne pas ajouter de lien commercial ex. : Breizhoo &amp; companie --&gt;[\n]"
DEBUG main httpclient.wire.content - << "* [http://metropole.rennes.bzh Site de la ville de Rennes et de Rennes M[0xc3][0xa9]"
DEBUG main httpclient.wire.content - << "[\r]"
DEBUG main httpclient.wire.content - << "[\n]"
DEBUG main httpclient.wire.content - << "4"
DEBUG main httpclient.wire.content - << "7"
DEBUG main httpclient.wire.content - << "f"
DEBUG main httpclient.wire.content - << "[\r]"
DEBUG main httpclient.wire.content - << "[\n]"
DEBUG main httpclient.wire.content - << "tropole][\n]"
DEBUG main httpclient.wire.content - << "* [http://www.tourisme-rennes.com Site de l'office de tourisme de Rennes M[0xc3][0xa9]tropole][\n]"
DEBUG main httpclient.wire.content - << "* [http://www.wiki-rennes.fr/Wiki-Rennes_M%C3%A9tropole,_autoportrait_d%27un_territoire_par_ses_habitants Site du Wiki-Rennes m[0xc3][0xa9]tropole][\n]"
DEBUG main httpclient.wire.content - << "* [http://www.photos-de-bretagne.info/rennes/balade-a-rennes.php Des photos de Rennes sous licences Creative Commons][\n]"
DEBUG main httpclient.wire.content - << "[\n]"
DEBUG main httpclient.wire.content - << "== Notes et r[0xc3][0xa9]f[0xc3][0xa9]rences ==[\n]"
DEBUG main httpclient.wire.content - << "=== Notes ===[\n]"
DEBUG main httpclient.wire.content - << "{{R[0xc3][0xa9]f[0xc3][0xa9]rences|groupe=Note}}[\n]"
DEBUG main httpclient.wire.content - << "[\n]"
DEBUG main httpclient.wire.content - << "=== R[0xc3][0xa9]f[0xc3][0xa9]rences ===[\n]"
DEBUG main httpclient.wire.content - << "{{R[0xc3][0xa9]f[0xc3][0xa9]rences}}[\n]"
DEBUG main httpclient.wire.content - << "[\n]"
DEBUG main httpclient.wire.content - << "{{Palette[\n]"
DEBUG main httpclient.wire.content - << "|Rennes M[0xc3][0xa9]tropole[\n]"
DEBUG main httpclient.wire.content - << "|Grandes villes de France[\n]"
DEBUG main httpclient.wire.content - << "|Unit[0xc3][0xa9]s urbaines fran[0xc3][0xa7]aises[\n]"
DEBUG main httpclient.wire.content - << "|Aires urbaines fran[0xc3][0xa7]aises[\n]"
DEBUG main httpclient.wire.content - << "|Pr[0xc3][0xa9]fecture de France[\n]"
DEBUG main httpclient.wire.content - << "}}[\n]"
DEBUG main httpclient.wire.content - << "[\n]"
DEBUG main httpclient.wire.content - << "{{Portail|Rennes|communes de France|Ille-et-Vilaine}}[\n]"
DEBUG main httpclient.wire.content - << "[\n]"
DEBUG main httpclient.wire.content - << "[[Cat[0xc3][0xa9]gorie:Rennes| ]][\n]"
DEBUG main httpclient.wire.content - << "[[Cat[0xc3][0xa9]gorie:Commune d'Ille-et-Vilaine]][\n]"
DEBUG main httpclient.wire.content - << "[[Cat[0xc3][0xa9]gorie:Commune touristique fran[0xc3][0xa7]aise]][\n]"
DEBUG main httpclient.wire.content - << "[[Cat[0xc3][0xa9]gorie:Ancien chef-lieu de district]][\n]"
DEBUG main httpclient.wire.content - << "[[Cat[0xc3][0xa9]gorie:Zone urbaine en secteur sauvegard[0xc3][0xa9]]][\n]"
DEBUG main httpclient.wire.content - << "[[Cat[0xc3][0xa9]gorie:Commune signataire de la charte Ya d'ar Brezhoneg]][\n]"
DEBUG main httpclient.wire.content - << "[[Cat[0xc3][0xa9]gorie:Ville titulaire de la croix de guerre 1939-1945]][\n]"
DEBUG main httpclient.wire.content - << "[[Cat[0xc3][0xa9]gorie:Unit[0xc3][0xa9] urbaine de Rennes]][\n]"
DEBUG main httpclient.wire.content - << "[[Cat[0xc3][0xa9]gorie:Aire urbaine de Rennes]][\n]"
DEBUG main httpclient.wire.content - << "[[Cat[0xc3][0xa9]gorie:Localit[0xc3][0xa9] fortifi[0xc3][0xa9]e]]</rev></revisions></page></pages></query></api>"
DEBUG main httpclient.wire.content - << "[\r]"
DEBUG main httpclient.wire.content - << "[\n]"
DEBUG main httpclient.wire.content - << "0"
DEBUG main httpclient.wire.content - << "[\r]"
DEBUG main httpclient.wire.content - << "[\n]"
DEBUG main httpclient.wire.content - << "[\r]"
DEBUG main httpclient.wire.content - << "[\n]"
DEBUG main httpclient.wire.header - << "[\r][\n]"
DEBUG main org.apache.commons.httpclient.HttpMethodBase - Should NOT close connection in response to directive: keep-alive
DEBUG main org.apache.commons.httpclient.HttpConnection - Releasing connection back to connection manager.
DEBUG main org.apache.commons.httpclient.MultiThreadedHttpConnectionManager - Freeing connection, hostConfig=HostConfiguration[host=https://fr.wikipedia.org]
DEBUG main org.apache.commons.httpclient.util.IdleConnectionHandler - Adding connection at: 1539705476934
DEBUG main org.apache.commons.httpclient.MultiThreadedHttpConnectionManager - Notifying no-one, there are no waiting threads
